<?xml version="1.0" encoding="UTF-8"?>
<!-- Generated by org.testng.reporters.JUnitReportReporter -->
<testsuite hostname="DESKTOP-9REBA01" name="com.testrunner.PostTestNGRunner" tests="2" failures="0" timestamp="9 May 2020 12:59:53 GMT" time="0.375" errors="0">
  <testcase name="feature" time="0.349" classname="com.testrunner.PostTestNGRunner"/>
  <testcase name="feature" time="0.026" classname="com.testrunner.PostTestNGRunner"/>
</testsuite> <!-- com.testrunner.PostTestNGRunner -->
